{
  "RSpec": {
    "coverage": {
      "/Users/alainmauri/Documents/my_projects/engines/easy_monitor/spec/dummy/config/environment.rb": [
        null,
        1,
        null,
        null,
        1
      ],
      "/Users/alainmauri/Documents/my_projects/engines/easy_monitor/spec/dummy/config/application.rb": [
        1,
        null,
        1,
        null,
        1,
        1,
        1,
        1,
        1,
        1,
        1,
        1,
        1,
        null,
        null,
        1,
        1,
        null,
        1,
        1,
        null,
        1,
        null,
        null,
        null,
        null,
        null,
        null,
        null
      ],
      "/Users/alainmauri/Documents/my_projects/engines/easy_monitor/spec/dummy/config/boot.rb": [
        null,
        1,
        null,
        1,
        1
      ],
      "/Users/alainmauri/Documents/my_projects/engines/easy_monitor/lib/easy_monitor.rb": [
        1,
        null,
        1,
        1,
        1,
        2,
        null,
        null,
        1,
        2,
        null,
        null,
        1,
        null,
        1,
        null,
        1,
        null,
        null
      ],
      "/Users/alainmauri/Documents/my_projects/engines/easy_monitor/lib/easy_monitor/engine.rb": [
        1,
        1,
        1,
        1,
        1,
        1,
        1,
        1,
        1,
        null,
        null,
        1,
        1,
        1,
        1,
        1,
        1,
        1,
        1,
        1,
        null,
        1,
        1,
        1,
        1,
        1,
        1,
        1,
        null,
        null,
        1,
        3,
        null,
        null,
        1,
        1,
        1,
        1,
        null,
        null,
        null
      ],
      "/Users/alainmauri/Documents/my_projects/engines/easy_monitor/spec/dummy/config/environments/test.rb": [
        1,
        null,
        null,
        null,
        null,
        null,
        null,
        1,
        null,
        null,
        null,
        null,
        1,
        null,
        null,
        1,
        1,
        null,
        null,
        null,
        null,
        1,
        1,
        null,
        null,
        1,
        null,
        null,
        1,
        null,
        null,
        1,
        null,
        1,
        null,
        null,
        null,
        null,
        1,
        null,
        null,
        1,
        null,
        null,
        null,
        null
      ],
      "/Users/alainmauri/Documents/my_projects/engines/easy_monitor/spec/dummy/config/initializers/application_controller_renderer.rb": [
        null,
        null,
        null,
        null,
        null,
        null,
        null,
        null
      ],
      "/Users/alainmauri/Documents/my_projects/engines/easy_monitor/spec/dummy/config/initializers/assets.rb": [
        null,
        null,
        null,
        1,
        null,
        null,
        null,
        null,
        1,
        null,
        null,
        null,
        null,
        null
      ],
      "/Users/alainmauri/Documents/my_projects/engines/easy_monitor/spec/dummy/config/initializers/backtrace_silencers.rb": [
        null,
        null,
        null,
        null,
        null,
        null,
        null
      ],
      "/Users/alainmauri/Documents/my_projects/engines/easy_monitor/spec/dummy/config/initializers/content_security_policy.rb": [
        null,
        null,
        null,
        null,
        null,
        null,
        null,
        null,
        null,
        null,
        null,
        null,
        null,
        null,
        null,
        null,
        null,
        null,
        null,
        null,
        null,
        null,
        null,
        null,
        null
      ],
      "/Users/alainmauri/Documents/my_projects/engines/easy_monitor/spec/dummy/config/initializers/cookies_serializer.rb": [
        null,
        null,
        null,
        null,
        1
      ],
      "/Users/alainmauri/Documents/my_projects/engines/easy_monitor/spec/dummy/config/initializers/easy_monitor.rb": [
        1,
        null,
        null,
        1,
        null
      ],
      "/Users/alainmauri/Documents/my_projects/engines/easy_monitor/spec/dummy/config/initializers/filter_parameter_logging.rb": [
        null,
        null,
        null,
        1
      ],
      "/Users/alainmauri/Documents/my_projects/engines/easy_monitor/spec/dummy/config/initializers/inflections.rb": [
        null,
        null,
        null,
        null,
        null,
        null,
        null,
        null,
        null,
        null,
        null,
        null,
        null,
        null,
        null,
        null
      ],
      "/Users/alainmauri/Documents/my_projects/engines/easy_monitor/spec/dummy/config/initializers/mime_types.rb": [
        null,
        null,
        null,
        null
      ],
      "/Users/alainmauri/Documents/my_projects/engines/easy_monitor/spec/dummy/config/initializers/wrap_parameters.rb": [
        null,
        null,
        null,
        null,
        null,
        null,
        1,
        1,
        null,
        null,
        null,
        null,
        null,
        null
      ],
      "/Users/alainmauri/Documents/my_projects/engines/easy_monitor/spec/dummy/config/routes.rb": [
        1,
        1,
        null
      ],
      "/Users/alainmauri/Documents/my_projects/engines/easy_monitor/config/routes.rb": [
        1,
        1,
        1,
        1,
        null
      ],
      "/Users/alainmauri/Documents/my_projects/engines/easy_monitor/spec/dummy/app/helpers/application_helper.rb": [
        1,
        null
      ],
      "/Users/alainmauri/Documents/my_projects/engines/easy_monitor/app/controllers/easy_monitor/health_checks_controller.rb": [
        1,
        1,
        null,
        1,
        1,
        1,
        null,
        1,
        null,
        1,
        1,
        null,
        null,
        1,
        2,
        null,
        1,
        null,
        null,
        1,
        null,
        null,
        1,
        2,
        null,
        1,
        null,
        null,
        1,
        null,
        null,
        1,
        null,
        1,
        null,
        5,
        null,
        null,
        1,
        2,
        null,
        null,
        1,
        2,
        1,
        null,
        null,
        null
      ],
      "/Users/alainmauri/Documents/my_projects/engines/easy_monitor/app/controllers/easy_monitor/application_controller.rb": [
        1,
        1,
        1,
        null,
        null
      ],
      "/Users/alainmauri/Documents/my_projects/engines/easy_monitor/app/helpers/easy_monitor/application_helper.rb": [
        1,
        1,
        null,
        null
      ],
      "/Users/alainmauri/Documents/my_projects/engines/easy_monitor/app/helpers/easy_monitor/health_checks_helper.rb": [
        1,
        1,
        null,
        null
      ],
      "/Users/alainmauri/Documents/my_projects/engines/easy_monitor/spec/helpers/easy_monitor/health_checks_helper_spec.rb": [
        1,
        null,
        null,
        null,
        null,
        null,
        null,
        null,
        null,
        null,
        null,
        null,
        1,
        1,
        1,
        null,
        null
      ],
      "/Users/alainmauri/Documents/my_projects/engines/easy_monitor/spec/lib/easy_monitor_spec.rb": [
        1,
        null,
        1,
        1,
        1,
        1,
        1,
        1,
        null,
        null,
        1,
        1,
        null,
        null,
        null,
        null,
        1,
        1,
        1,
        2,
        2,
        2,
        2,
        null,
        null,
        1,
        1,
        1,
        null,
        null,
        1,
        1,
        null,
        null,
        null,
        null
      ],
      "/Users/alainmauri/Documents/my_projects/engines/easy_monitor/app/lib/easy_monitor/util/connectors/redis_connector.rb": [
        null,
        null,
        null,
        1,
        1,
        1,
        1,
        1,
        null,
        1,
        1,
        null,
        1,
        1,
        null,
        null,
        1,
        1,
        null,
        null,
        1,
        null,
        1,
        1,
        null,
        null,
        null,
        null,
        null,
        null,
        null,
        null
      ],
      "/Users/alainmauri/Documents/my_projects/engines/easy_monitor/app/lib/easy_monitor/util/connectors/sidekiq_connector.rb": [
        null,
        null,
        null,
        1,
        1,
        1,
        1,
        1,
        1,
        null,
        1,
        1,
        null,
        null,
        null,
        null,
        1,
        1,
        0,
        0,
        null,
        null,
        1,
        null,
        1,
        1,
        null,
        null,
        1,
        0,
        null,
        null,
        1,
        1,
        null,
        null,
        1,
        0,
        null,
        null,
        1,
        0,
        0,
        null,
        null,
        null,
        null,
        null
      ]
    },
    "timestamp": 1556960789
  }
}
